This file contains any messages produced by compilers while
running configure, to aid debugging if configure makes a mistake.

It was created by smartmontools configure 7.2, which was
generated by GNU Autoconf 2.69.  Invocation command line was

  $ ./configure --build=x86_64-pc-linux-gnu -host=x86_64-w64-mingw32

## --------- ##
## Platform. ##
## --------- ##

hostname = table
uname -m = x86_64
uname -r = 5.3.0-51-generic
uname -s = Linux
uname -v = #44-Ubuntu SMP Wed Apr 22 21:09:44 UTC 2020

/usr/bin/uname -p = unknown
/bin/uname -X     = unknown

/bin/arch              = unknown
/usr/bin/arch -k       = unknown
/usr/convex/getsysinfo = unknown
/usr/bin/hostinfo      = unknown
/bin/machine           = unknown
/usr/bin/oslevel       = unknown
/bin/universe          = unknown

PATH: /home/tab/perl5/bin
PATH: /usr/local/lib/nodejs/node-v8.12.0-linux-x64/bin
PATH: /usr/local/sbin
PATH: /usr/local/bin
PATH: /usr/sbin
PATH: /usr/bin
PATH: /sbin
PATH: /bin
PATH: /usr/games
PATH: /usr/local/games
PATH: /snap/bin


## ----------- ##
## Core tests. ##
## ----------- ##

configure:2504: checking for a BSD-compatible install
configure:2572: result: /usr/bin/install -c
configure:2583: checking whether build environment is sane
configure:2638: result: yes
configure:2695: checking for x86_64-w64-mingw32-strip
configure:2711: found /usr/bin/x86_64-w64-mingw32-strip
configure:2722: result: x86_64-w64-mingw32-strip
configure:2787: checking for a thread-safe mkdir -p
configure:2826: result: /bin/mkdir -p
configure:2833: checking for gawk
configure:2849: found /usr/bin/gawk
configure:2860: result: gawk
configure:2871: checking whether make sets $(MAKE)
configure:2893: result: yes
configure:2922: checking whether make supports nested variables
configure:2939: result: yes
configure:3104: checking whether to enable maintainer-specific portions of Makefiles
configure:3113: result: no
configure:3147: checking for x86_64-w64-mingw32-g++
configure:3163: found /usr/bin/x86_64-w64-mingw32-g++
configure:3174: result: x86_64-w64-mingw32-g++
configure:3245: checking for C++ compiler version
configure:3254: x86_64-w64-mingw32-g++ --version >&5
x86_64-w64-mingw32-g++ (GCC) 8.3-win32 20190406
Copyright (C) 2018 Free Software Foundation, Inc.
This is free software; see the source for copying conditions.  There is NO
warranty; not even for MERCHANTABILITY or FITNESS FOR A PARTICULAR PURPOSE.

configure:3265: $? = 0
configure:3254: x86_64-w64-mingw32-g++ -v >&5
Using built-in specs.
COLLECT_GCC=x86_64-w64-mingw32-g++
COLLECT_LTO_WRAPPER=/usr/lib/gcc/x86_64-w64-mingw32/8.3-win32/lto-wrapper
Target: x86_64-w64-mingw32
Configured with: ../../src/configure --build=x86_64-linux-gnu --prefix=/usr --includedir='/usr/include' --mandir='/usr/share/man' --infodir='/usr/share/info' --sysconfdir=/etc --localstatedir=/var --disable-silent-rules --libdir='/usr/lib/x86_64-linux-gnu' --libexecdir='/usr/lib/x86_64-linux-gnu' --disable-maintainer-mode --disable-dependency-tracking --prefix=/usr --enable-shared --enable-static --disable-multilib --with-system-zlib --libexecdir=/usr/lib --without-included-gettext --libdir=/usr/lib --enable-libstdcxx-time=yes --with-tune=generic --with-headers=/usr/x86_64-w64-mingw32/include --enable-version-specific-runtime-libs --enable-fully-dynamic-string --enable-libgomp --enable-languages=c,c++,fortran,objc,obj-c++,ada --enable-lto --with-plugin-ld --enable-threads=win32 --program-suffix=-win32 --program-prefix=x86_64-w64-mingw32- --target=x86_64-w64-mingw32 --with-as=/usr/bin/x86_64-w64-mingw32-as --with-ld=/usr/bin/x86_64-w64-mingw32-ld --enable-libatomic
Thread model: win32
gcc version 8.3-win32 20190406 (GCC) 
configure:3265: $? = 0
configure:3254: x86_64-w64-mingw32-g++ -V >&5
x86_64-w64-mingw32-g++: error: unrecognized command line option '-V'
x86_64-w64-mingw32-g++: fatal error: no input files
compilation terminated.
configure:3265: $? = 1
configure:3254: x86_64-w64-mingw32-g++ -qversion >&5
x86_64-w64-mingw32-g++: error: unrecognized command line option '-qversion'; did you mean '--version'?
x86_64-w64-mingw32-g++: fatal error: no input files
compilation terminated.
configure:3265: $? = 1
configure:3285: checking whether the C++ compiler works
configure:3307: x86_64-w64-mingw32-g++    conftest.cpp  >&5
configure:3311: $? = 0
configure:3359: result: yes
configure:3362: checking for C++ compiler default output file name
configure:3364: result: a.exe
configure:3370: checking for suffix of executables
configure:3377: x86_64-w64-mingw32-g++ -o conftest.exe    conftest.cpp  >&5
configure:3381: $? = 0
configure:3403: result: .exe
configure:3425: checking whether we are cross compiling
configure:3463: result: yes
configure:3468: checking for suffix of object files
configure:3490: x86_64-w64-mingw32-g++ -c   conftest.cpp >&5
configure:3494: $? = 0
configure:3515: result: o
configure:3519: checking whether we are using the GNU C++ compiler
configure:3538: x86_64-w64-mingw32-g++ -c   conftest.cpp >&5
configure:3538: $? = 0
configure:3547: result: yes
configure:3556: checking whether x86_64-w64-mingw32-g++ accepts -g
configure:3576: x86_64-w64-mingw32-g++ -c -g  conftest.cpp >&5
configure:3576: $? = 0
configure:3617: result: yes
configure:3643: checking whether make supports the include directive
configure:3658: make -f confmf.GNU && cat confinc.out
this is the am__doit target
configure:3661: $? = 0
configure:3680: result: yes (GNU style)
configure:3705: checking dependency style of x86_64-w64-mingw32-g++
configure:3816: result: gcc3
configure:3839: checking for x86_64-w64-mingw32-gcc
configure:3855: found /usr/bin/x86_64-w64-mingw32-gcc
configure:3866: result: x86_64-w64-mingw32-gcc
configure:4135: checking for C compiler version
configure:4144: x86_64-w64-mingw32-gcc --version >&5
x86_64-w64-mingw32-gcc (GCC) 8.3-win32 20190406
Copyright (C) 2018 Free Software Foundation, Inc.
This is free software; see the source for copying conditions.  There is NO
warranty; not even for MERCHANTABILITY or FITNESS FOR A PARTICULAR PURPOSE.

configure:4155: $? = 0
configure:4144: x86_64-w64-mingw32-gcc -v >&5
Using built-in specs.
COLLECT_GCC=x86_64-w64-mingw32-gcc
COLLECT_LTO_WRAPPER=/usr/lib/gcc/x86_64-w64-mingw32/8.3-win32/lto-wrapper
Target: x86_64-w64-mingw32
Configured with: ../../src/configure --build=x86_64-linux-gnu --prefix=/usr --includedir='/usr/include' --mandir='/usr/share/man' --infodir='/usr/share/info' --sysconfdir=/etc --localstatedir=/var --disable-silent-rules --libdir='/usr/lib/x86_64-linux-gnu' --libexecdir='/usr/lib/x86_64-linux-gnu' --disable-maintainer-mode --disable-dependency-tracking --prefix=/usr --enable-shared --enable-static --disable-multilib --with-system-zlib --libexecdir=/usr/lib --without-included-gettext --libdir=/usr/lib --enable-libstdcxx-time=yes --with-tune=generic --with-headers=/usr/x86_64-w64-mingw32/include --enable-version-specific-runtime-libs --enable-fully-dynamic-string --enable-libgomp --enable-languages=c,c++,fortran,objc,obj-c++,ada --enable-lto --with-plugin-ld --enable-threads=win32 --program-suffix=-win32 --program-prefix=x86_64-w64-mingw32- --target=x86_64-w64-mingw32 --with-as=/usr/bin/x86_64-w64-mingw32-as --with-ld=/usr/bin/x86_64-w64-mingw32-ld --enable-libatomic
Thread model: win32
gcc version 8.3-win32 20190406 (GCC) 
configure:4155: $? = 0
configure:4144: x86_64-w64-mingw32-gcc -V >&5
x86_64-w64-mingw32-gcc: error: unrecognized command line option '-V'
x86_64-w64-mingw32-gcc: fatal error: no input files
compilation terminated.
configure:4155: $? = 1
configure:4144: x86_64-w64-mingw32-gcc -qversion >&5
x86_64-w64-mingw32-gcc: error: unrecognized command line option '-qversion'; did you mean '--version'?
x86_64-w64-mingw32-gcc: fatal error: no input files
compilation terminated.
configure:4155: $? = 1
configure:4159: checking whether we are using the GNU C compiler
configure:4178: x86_64-w64-mingw32-gcc -c   conftest.c >&5
configure:4178: $? = 0
configure:4187: result: yes
configure:4196: checking whether x86_64-w64-mingw32-gcc accepts -g
configure:4216: x86_64-w64-mingw32-gcc -c -g  conftest.c >&5
configure:4216: $? = 0
configure:4257: result: yes
configure:4274: checking for x86_64-w64-mingw32-gcc option to accept ISO C89
configure:4337: x86_64-w64-mingw32-gcc  -c -g -O2  conftest.c >&5
configure:4337: $? = 0
configure:4350: result: none needed
configure:4375: checking whether x86_64-w64-mingw32-gcc understands -c and -o together
configure:4397: x86_64-w64-mingw32-gcc -c conftest.c -o conftest2.o
configure:4400: $? = 0
configure:4397: x86_64-w64-mingw32-gcc -c conftest.c -o conftest2.o
configure:4400: $? = 0
configure:4412: result: yes
configure:4431: checking dependency style of x86_64-w64-mingw32-gcc
configure:4542: result: gcc3
configure:4566: checking dependency style of x86_64-w64-mingw32-gcc
configure:4675: result: gcc3
configure:4825: checking build system type
configure:4839: result: x86_64-pc-linux-gnu
configure:4859: checking host system type
configure:4872: result: x86_64-w64-mingw32
configure:4896: checking for x86_64-w64-mingw32-nm
configure:4912: found /usr/bin/x86_64-w64-mingw32-nm
configure:4923: result: x86_64-w64-mingw32-nm
configure:4990: checking for x86_64-w64-mingw32-windmc
configure:5006: found /usr/bin/x86_64-w64-mingw32-windmc
configure:5017: result: x86_64-w64-mingw32-windmc
configure:5082: checking for x86_64-w64-mingw32-windres
configure:5098: found /usr/bin/x86_64-w64-mingw32-windres
configure:5109: result: x86_64-w64-mingw32-windres
configure:5172: checking for makensis
configure:5181: result: no
configure:5187: checking whether this is a build from SVN
configure:5210: result: no
configure:5224: checking how to run the C++ preprocessor
configure:5251: x86_64-w64-mingw32-g++ -E  conftest.cpp
configure:5251: $? = 0
configure:5265: x86_64-w64-mingw32-g++ -E  conftest.cpp
conftest.cpp:16:10: fatal error: ac_nonexistent.h: No such file or directory
 #include <ac_nonexistent.h>
          ^~~~~~~~~~~~~~~~~~
compilation terminated.
configure:5265: $? = 1
configure: failed program was:
| /* confdefs.h */
| #define PACKAGE_NAME "smartmontools"
| #define PACKAGE_TARNAME "smartmontools"
| #define PACKAGE_VERSION "7.2"
| #define PACKAGE_STRING "smartmontools 7.2"
| #define PACKAGE_BUGREPORT "smartmontools-support@listi.jpberlin.de"
| #define PACKAGE_URL ""
| #define PACKAGE "smartmontools"
| #define VERSION "7.2"
| #define SMARTMONTOOLS_CONFIGURE_ARGS " '--build=x86_64-pc-linux-gnu' '-host=x86_64-w64-mingw32' 'build_alias=x86_64-pc-linux-gnu' 'host_alias=x86_64-w64-mingw32'"
| #define SMARTMONTOOLS_RELEASE_DATE "2019-12-30"
| #define SMARTMONTOOLS_RELEASE_TIME "15:00:11 UTC"
| #define CONFIG_H_CVSID "$Id: configure.ac 5035 2020-03-01 16:19:44Z chrfranke $"
| #define PACKAGE_HOMEPAGE "https://www.smartmontools.org/"
| /* end confdefs.h.  */
| #include <ac_nonexistent.h>
configure:5290: result: x86_64-w64-mingw32-g++ -E
configure:5310: x86_64-w64-mingw32-g++ -E  conftest.cpp
configure:5310: $? = 0
configure:5324: x86_64-w64-mingw32-g++ -E  conftest.cpp
conftest.cpp:16:10: fatal error: ac_nonexistent.h: No such file or directory
 #include <ac_nonexistent.h>
          ^~~~~~~~~~~~~~~~~~
compilation terminated.
configure:5324: $? = 1
configure: failed program was:
| /* confdefs.h */
| #define PACKAGE_NAME "smartmontools"
| #define PACKAGE_TARNAME "smartmontools"
| #define PACKAGE_VERSION "7.2"
| #define PACKAGE_STRING "smartmontools 7.2"
| #define PACKAGE_BUGREPORT "smartmontools-support@listi.jpberlin.de"
| #define PACKAGE_URL ""
| #define PACKAGE "smartmontools"
| #define VERSION "7.2"
| #define SMARTMONTOOLS_CONFIGURE_ARGS " '--build=x86_64-pc-linux-gnu' '-host=x86_64-w64-mingw32' 'build_alias=x86_64-pc-linux-gnu' 'host_alias=x86_64-w64-mingw32'"
| #define SMARTMONTOOLS_RELEASE_DATE "2019-12-30"
| #define SMARTMONTOOLS_RELEASE_TIME "15:00:11 UTC"
| #define CONFIG_H_CVSID "$Id: configure.ac 5035 2020-03-01 16:19:44Z chrfranke $"
| #define PACKAGE_HOMEPAGE "https://www.smartmontools.org/"
| /* end confdefs.h.  */
| #include <ac_nonexistent.h>
configure:5353: checking for grep that handles long lines and -e
configure:5411: result: /bin/grep
configure:5416: checking for egrep
configure:5478: result: /bin/grep -E
configure:5483: checking for ANSI C header files
configure:5503: x86_64-w64-mingw32-g++ -c -g -O2  conftest.cpp >&5
configure:5503: $? = 0
configure:5587: result: yes
configure:5600: checking for sys/types.h
configure:5600: x86_64-w64-mingw32-g++ -c -g -O2  conftest.cpp >&5
configure:5600: $? = 0
configure:5600: result: yes
configure:5600: checking for sys/stat.h
configure:5600: x86_64-w64-mingw32-g++ -c -g -O2  conftest.cpp >&5
configure:5600: $? = 0
configure:5600: result: yes
configure:5600: checking for stdlib.h
configure:5600: x86_64-w64-mingw32-g++ -c -g -O2  conftest.cpp >&5
configure:5600: $? = 0
configure:5600: result: yes
configure:5600: checking for string.h
configure:5600: x86_64-w64-mingw32-g++ -c -g -O2  conftest.cpp >&5
configure:5600: $? = 0
configure:5600: result: yes
configure:5600: checking for memory.h
configure:5600: x86_64-w64-mingw32-g++ -c -g -O2  conftest.cpp >&5
configure:5600: $? = 0
configure:5600: result: yes
configure:5600: checking for strings.h
configure:5600: x86_64-w64-mingw32-g++ -c -g -O2  conftest.cpp >&5
configure:5600: $? = 0
configure:5600: result: yes
configure:5600: checking for inttypes.h
configure:5600: x86_64-w64-mingw32-g++ -c -g -O2  conftest.cpp >&5
configure:5600: $? = 0
configure:5600: result: yes
configure:5600: checking for stdint.h
configure:5600: x86_64-w64-mingw32-g++ -c -g -O2  conftest.cpp >&5
configure:5600: $? = 0
configure:5600: result: yes
configure:5600: checking for unistd.h
configure:5600: x86_64-w64-mingw32-g++ -c -g -O2  conftest.cpp >&5
configure:5600: $? = 0
configure:5600: result: yes
configure:5614: checking locale.h usability
configure:5614: x86_64-w64-mingw32-g++ -c -g -O2  conftest.cpp >&5
configure:5614: $? = 0
configure:5614: result: yes
configure:5614: checking locale.h presence
configure:5614: x86_64-w64-mingw32-g++ -E  conftest.cpp
configure:5614: $? = 0
configure:5614: result: yes
configure:5614: checking for locale.h
configure:5614: result: yes
configure:5626: checking byteswap.h usability
configure:5626: x86_64-w64-mingw32-g++ -c -g -O2  conftest.cpp >&5
conftest.cpp:60:10: fatal error: byteswap.h: No such file or directory
 #include <byteswap.h>
          ^~~~~~~~~~~~
compilation terminated.
configure:5626: $? = 1
configure: failed program was:
| /* confdefs.h */
| #define PACKAGE_NAME "smartmontools"
| #define PACKAGE_TARNAME "smartmontools"
| #define PACKAGE_VERSION "7.2"
| #define PACKAGE_STRING "smartmontools 7.2"
| #define PACKAGE_BUGREPORT "smartmontools-support@listi.jpberlin.de"
| #define PACKAGE_URL ""
| #define PACKAGE "smartmontools"
| #define VERSION "7.2"
| #define SMARTMONTOOLS_CONFIGURE_ARGS " '--build=x86_64-pc-linux-gnu' '-host=x86_64-w64-mingw32' 'build_alias=x86_64-pc-linux-gnu' 'host_alias=x86_64-w64-mingw32'"
| #define SMARTMONTOOLS_RELEASE_DATE "2019-12-30"
| #define SMARTMONTOOLS_RELEASE_TIME "15:00:11 UTC"
| #define CONFIG_H_CVSID "$Id: configure.ac 5035 2020-03-01 16:19:44Z chrfranke $"
| #define PACKAGE_HOMEPAGE "https://www.smartmontools.org/"
| #define STDC_HEADERS 1
| #define HAVE_SYS_TYPES_H 1
| #define HAVE_SYS_STAT_H 1
| #define HAVE_STDLIB_H 1
| #define HAVE_STRING_H 1
| #define HAVE_MEMORY_H 1
| #define HAVE_STRINGS_H 1
| #define HAVE_INTTYPES_H 1
| #define HAVE_STDINT_H 1
| #define HAVE_UNISTD_H 1
| #define HAVE_LOCALE_H 1
| /* end confdefs.h.  */
| #include <stdio.h>
| #ifdef HAVE_SYS_TYPES_H
| # include <sys/types.h>
| #endif
| #ifdef HAVE_SYS_STAT_H
| # include <sys/stat.h>
| #endif
| #ifdef STDC_HEADERS
| # include <stdlib.h>
| # include <stddef.h>
| #else
| # ifdef HAVE_STDLIB_H
| #  include <stdlib.h>
| # endif
| #endif
| #ifdef HAVE_STRING_H
| # if !defined STDC_HEADERS && defined HAVE_MEMORY_H
| #  include <memory.h>
| # endif
| # include <string.h>
| #endif
| #ifdef HAVE_STRINGS_H
| # include <strings.h>
| #endif
| #ifdef HAVE_INTTYPES_H
| # include <inttypes.h>
| #endif
| #ifdef HAVE_STDINT_H
| # include <stdint.h>
| #endif
| #ifdef HAVE_UNISTD_H
| # include <unistd.h>
| #endif
| #include <byteswap.h>
configure:5626: result: no
configure:5626: checking byteswap.h presence
configure:5626: x86_64-w64-mingw32-g++ -E  conftest.cpp
conftest.cpp:27:10: fatal error: byteswap.h: No such file or directory
 #include <byteswap.h>
          ^~~~~~~~~~~~
compilation terminated.
configure:5626: $? = 1
configure: failed program was:
| /* confdefs.h */
| #define PACKAGE_NAME "smartmontools"
| #define PACKAGE_TARNAME "smartmontools"
| #define PACKAGE_VERSION "7.2"
| #define PACKAGE_STRING "smartmontools 7.2"
| #define PACKAGE_BUGREPORT "smartmontools-support@listi.jpberlin.de"
| #define PACKAGE_URL ""
| #define PACKAGE "smartmontools"
| #define VERSION "7.2"
| #define SMARTMONTOOLS_CONFIGURE_ARGS " '--build=x86_64-pc-linux-gnu' '-host=x86_64-w64-mingw32' 'build_alias=x86_64-pc-linux-gnu' 'host_alias=x86_64-w64-mingw32'"
| #define SMARTMONTOOLS_RELEASE_DATE "2019-12-30"
| #define SMARTMONTOOLS_RELEASE_TIME "15:00:11 UTC"
| #define CONFIG_H_CVSID "$Id: configure.ac 5035 2020-03-01 16:19:44Z chrfranke $"
| #define PACKAGE_HOMEPAGE "https://www.smartmontools.org/"
| #define STDC_HEADERS 1
| #define HAVE_SYS_TYPES_H 1
| #define HAVE_SYS_STAT_H 1
| #define HAVE_STDLIB_H 1
| #define HAVE_STRING_H 1
| #define HAVE_MEMORY_H 1
| #define HAVE_STRINGS_H 1
| #define HAVE_INTTYPES_H 1
| #define HAVE_STDINT_H 1
| #define HAVE_UNISTD_H 1
| #define HAVE_LOCALE_H 1
| /* end confdefs.h.  */
| #include <byteswap.h>
configure:5626: result: no
configure:5626: checking for byteswap.h
configure:5626: result: no
configure:5724: checking for __int128
configure:5724: x86_64-w64-mingw32-g++ -c -g -O2  conftest.cpp >&5
configure:5724: $? = 0
configure:5724: x86_64-w64-mingw32-g++ -c -g -O2  conftest.cpp >&5
conftest.cpp: In function 'int main()':
conftest.cpp:63:14: error: expected primary-expression before '__int128'
 if (sizeof ((__int128)))
              ^~~~~~~~
conftest.cpp:63:14: error: expected ')' before '__int128'
 if (sizeof ((__int128)))
             ~^~~~~~~~
              )
conftest.cpp:64:14: error: expected ')' before ';' token
      return 0;
              ^
              )
conftest.cpp:63:12: note: to match this '('
 if (sizeof ((__int128)))
            ^
conftest.cpp:64:14: error: expected ')' before ';' token
      return 0;
              ^
              )
conftest.cpp:63:4: note: to match this '('
 if (sizeof ((__int128)))
    ^
configure:5724: $? = 1
configure: failed program was:
| /* confdefs.h */
| #define PACKAGE_NAME "smartmontools"
| #define PACKAGE_TARNAME "smartmontools"
| #define PACKAGE_VERSION "7.2"
| #define PACKAGE_STRING "smartmontools 7.2"
| #define PACKAGE_BUGREPORT "smartmontools-support@listi.jpberlin.de"
| #define PACKAGE_URL ""
| #define PACKAGE "smartmontools"
| #define VERSION "7.2"
| #define SMARTMONTOOLS_CONFIGURE_ARGS " '--build=x86_64-pc-linux-gnu' '-host=x86_64-w64-mingw32' 'build_alias=x86_64-pc-linux-gnu' 'host_alias=x86_64-w64-mingw32'"
| #define SMARTMONTOOLS_RELEASE_DATE "2019-12-30"
| #define SMARTMONTOOLS_RELEASE_TIME "15:00:11 UTC"
| #define CONFIG_H_CVSID "$Id: configure.ac 5035 2020-03-01 16:19:44Z chrfranke $"
| #define PACKAGE_HOMEPAGE "https://www.smartmontools.org/"
| #define STDC_HEADERS 1
| #define HAVE_SYS_TYPES_H 1
| #define HAVE_SYS_STAT_H 1
| #define HAVE_STDLIB_H 1
| #define HAVE_STRING_H 1
| #define HAVE_MEMORY_H 1
| #define HAVE_STRINGS_H 1
| #define HAVE_INTTYPES_H 1
| #define HAVE_STDINT_H 1
| #define HAVE_UNISTD_H 1
| #define HAVE_LOCALE_H 1
| /* end confdefs.h.  */
| #include <stdio.h>
| #ifdef HAVE_SYS_TYPES_H
| # include <sys/types.h>
| #endif
| #ifdef HAVE_SYS_STAT_H
| # include <sys/stat.h>
| #endif
| #ifdef STDC_HEADERS
| # include <stdlib.h>
| # include <stddef.h>
| #else
| # ifdef HAVE_STDLIB_H
| #  include <stdlib.h>
| # endif
| #endif
| #ifdef HAVE_STRING_H
| # if !defined STDC_HEADERS && defined HAVE_MEMORY_H
| #  include <memory.h>
| # endif
| # include <string.h>
| #endif
| #ifdef HAVE_STRINGS_H
| # include <strings.h>
| #endif
| #ifdef HAVE_INTTYPES_H
| # include <inttypes.h>
| #endif
| #ifdef HAVE_STDINT_H
| # include <stdint.h>
| #endif
| #ifdef HAVE_UNISTD_H
| # include <unistd.h>
| #endif
| int
| main ()
| {
| if (sizeof ((__int128)))
| 	    return 0;
|   ;
|   return 0;
| }
configure:5724: result: yes
configure:5735: checking for long double with more range or precision than double
configure:5771: x86_64-w64-mingw32-g++ -c -g -O2  conftest.cpp >&5
configure:5771: $? = 0
configure:5778: result: yes
configure:5790: checking for getopt_long
configure:5790: x86_64-w64-mingw32-g++ -o conftest.exe -g -O2   conftest.cpp  >&5
configure:5790: $? = 0
configure:5790: result: yes
configure:5813: checking for clock_gettime
configure:5813: x86_64-w64-mingw32-g++ -o conftest.exe -g -O2   conftest.cpp  >&5
/usr/bin/x86_64-w64-mingw32-ld: /tmp/ccWTg649.o: in function `main':
/home/tab/smartmontools-code/smartmontools/conftest.cpp:64: undefined reference to `clock_gettime'
collect2: error: ld returned 1 exit status
configure:5813: $? = 1
configure: failed program was:
| /* confdefs.h */
| #define PACKAGE_NAME "smartmontools"
| #define PACKAGE_TARNAME "smartmontools"
| #define PACKAGE_VERSION "7.2"
| #define PACKAGE_STRING "smartmontools 7.2"
| #define PACKAGE_BUGREPORT "smartmontools-support@listi.jpberlin.de"
| #define PACKAGE_URL ""
| #define PACKAGE "smartmontools"
| #define VERSION "7.2"
| #define SMARTMONTOOLS_CONFIGURE_ARGS " '--build=x86_64-pc-linux-gnu' '-host=x86_64-w64-mingw32' 'build_alias=x86_64-pc-linux-gnu' 'host_alias=x86_64-w64-mingw32'"
| #define SMARTMONTOOLS_RELEASE_DATE "2019-12-30"
| #define SMARTMONTOOLS_RELEASE_TIME "15:00:11 UTC"
| #define CONFIG_H_CVSID "$Id: configure.ac 5035 2020-03-01 16:19:44Z chrfranke $"
| #define PACKAGE_HOMEPAGE "https://www.smartmontools.org/"
| #define STDC_HEADERS 1
| #define HAVE_SYS_TYPES_H 1
| #define HAVE_SYS_STAT_H 1
| #define HAVE_STDLIB_H 1
| #define HAVE_STRING_H 1
| #define HAVE_MEMORY_H 1
| #define HAVE_STRINGS_H 1
| #define HAVE_INTTYPES_H 1
| #define HAVE_STDINT_H 1
| #define HAVE_UNISTD_H 1
| #define HAVE_LOCALE_H 1
| #define HAVE___INT128 1
| #define HAVE_LONG_DOUBLE_WIDER 1
| #define HAVE_GETOPT_LONG 1
| /* end confdefs.h.  */
| /* Define clock_gettime to an innocuous variant, in case <limits.h> declares clock_gettime.
|    For example, HP-UX 11i <limits.h> declares gettimeofday.  */
| #define clock_gettime innocuous_clock_gettime
| 
| /* System header to define __stub macros and hopefully few prototypes,
|     which can conflict with char clock_gettime (); below.
|     Prefer <limits.h> to <assert.h> if __STDC__ is defined, since
|     <limits.h> exists even on freestanding compilers.  */
| 
| #ifdef __STDC__
| # include <limits.h>
| #else
| # include <assert.h>
| #endif
| 
| #undef clock_gettime
| 
| /* Override any GCC internal prototype to avoid an error.
|    Use char because int might match the return type of a GCC
|    builtin and then its argument prototype would still apply.  */
| #ifdef __cplusplus
| extern "C"
| #endif
| char clock_gettime ();
| /* The GNU C library defines this for functions which it implements
|     to always fail with ENOSYS.  Some functions are actually named
|     something starting with __ and the normal name is an alias.  */
| #if defined __stub_clock_gettime || defined __stub___clock_gettime
| choke me
| #endif
| 
| int
| main ()
| {
| return clock_gettime ();
|   ;
|   return 0;
| }
configure:5813: result: no
configure:5813: checking for ftime
configure:5813: x86_64-w64-mingw32-g++ -o conftest.exe -g -O2   conftest.cpp  >&5
configure:5813: $? = 0
configure:5813: result: yes
configure:5813: checking for gettimeofday
configure:5813: x86_64-w64-mingw32-g++ -o conftest.exe -g -O2   conftest.cpp  >&5
configure:5813: $? = 0
configure:5813: result: yes
configure:5824: checking whether byte ordering is bigendian
configure:5839: x86_64-w64-mingw32-g++ -c -g -O2  conftest.cpp >&5
conftest.cpp:33:9: error: expected unqualified-id before 'not' token
         not a universal capable compiler
         ^~~
configure:5839: $? = 1
configure: failed program was:
| /* confdefs.h */
| #define PACKAGE_NAME "smartmontools"
| #define PACKAGE_TARNAME "smartmontools"
| #define PACKAGE_VERSION "7.2"
| #define PACKAGE_STRING "smartmontools 7.2"
| #define PACKAGE_BUGREPORT "smartmontools-support@listi.jpberlin.de"
| #define PACKAGE_URL ""
| #define PACKAGE "smartmontools"
| #define VERSION "7.2"
| #define SMARTMONTOOLS_CONFIGURE_ARGS " '--build=x86_64-pc-linux-gnu' '-host=x86_64-w64-mingw32' 'build_alias=x86_64-pc-linux-gnu' 'host_alias=x86_64-w64-mingw32'"
| #define SMARTMONTOOLS_RELEASE_DATE "2019-12-30"
| #define SMARTMONTOOLS_RELEASE_TIME "15:00:11 UTC"
| #define CONFIG_H_CVSID "$Id: configure.ac 5035 2020-03-01 16:19:44Z chrfranke $"
| #define PACKAGE_HOMEPAGE "https://www.smartmontools.org/"
| #define STDC_HEADERS 1
| #define HAVE_SYS_TYPES_H 1
| #define HAVE_SYS_STAT_H 1
| #define HAVE_STDLIB_H 1
| #define HAVE_STRING_H 1
| #define HAVE_MEMORY_H 1
| #define HAVE_STRINGS_H 1
| #define HAVE_INTTYPES_H 1
| #define HAVE_STDINT_H 1
| #define HAVE_UNISTD_H 1
| #define HAVE_LOCALE_H 1
| #define HAVE___INT128 1
| #define HAVE_LONG_DOUBLE_WIDER 1
| #define HAVE_GETOPT_LONG 1
| #define HAVE_FTIME 1
| #define HAVE_GETTIMEOFDAY 1
| /* end confdefs.h.  */
| #ifndef __APPLE_CC__
| 	       not a universal capable compiler
| 	     #endif
| 	     typedef int dummy;
| 
configure:5884: x86_64-w64-mingw32-g++ -c -g -O2  conftest.cpp >&5
configure:5884: $? = 0
configure:5902: x86_64-w64-mingw32-g++ -c -g -O2  conftest.cpp >&5
conftest.cpp: In function 'int main()':
conftest.cpp:39:8: error: 'big' was not declared in this scope
    not big endian
        ^~~
configure:5902: $? = 1
configure: failed program was:
| /* confdefs.h */
| #define PACKAGE_NAME "smartmontools"
| #define PACKAGE_TARNAME "smartmontools"
| #define PACKAGE_VERSION "7.2"
| #define PACKAGE_STRING "smartmontools 7.2"
| #define PACKAGE_BUGREPORT "smartmontools-support@listi.jpberlin.de"
| #define PACKAGE_URL ""
| #define PACKAGE "smartmontools"
| #define VERSION "7.2"
| #define SMARTMONTOOLS_CONFIGURE_ARGS " '--build=x86_64-pc-linux-gnu' '-host=x86_64-w64-mingw32' 'build_alias=x86_64-pc-linux-gnu' 'host_alias=x86_64-w64-mingw32'"
| #define SMARTMONTOOLS_RELEASE_DATE "2019-12-30"
| #define SMARTMONTOOLS_RELEASE_TIME "15:00:11 UTC"
| #define CONFIG_H_CVSID "$Id: configure.ac 5035 2020-03-01 16:19:44Z chrfranke $"
| #define PACKAGE_HOMEPAGE "https://www.smartmontools.org/"
| #define STDC_HEADERS 1
| #define HAVE_SYS_TYPES_H 1
| #define HAVE_SYS_STAT_H 1
| #define HAVE_STDLIB_H 1
| #define HAVE_STRING_H 1
| #define HAVE_MEMORY_H 1
| #define HAVE_STRINGS_H 1
| #define HAVE_INTTYPES_H 1
| #define HAVE_STDINT_H 1
| #define HAVE_UNISTD_H 1
| #define HAVE_LOCALE_H 1
| #define HAVE___INT128 1
| #define HAVE_LONG_DOUBLE_WIDER 1
| #define HAVE_GETOPT_LONG 1
| #define HAVE_FTIME 1
| #define HAVE_GETTIMEOFDAY 1
| /* end confdefs.h.  */
| #include <sys/types.h>
| 		#include <sys/param.h>
| 
| int
| main ()
| {
| #if BYTE_ORDER != BIG_ENDIAN
| 		 not big endian
| 		#endif
| 
|   ;
|   return 0;
| }
configure:6030: result: no
configure:6052: checking whether x86_64-w64-mingw32-g++ supports __attribute__((packed))
configure:6067: x86_64-w64-mingw32-g++ -c -g -O2  conftest.cpp >&5
configure:6067: $? = 0
configure:6079: result: yes
configure:6682: checking whether x86_64-w64-mingw32-g++ supports __USE_MINGW_ANSI_STDIO
configure:6697: x86_64-w64-mingw32-g++ -c -Wformat -Werror -D__USE_MINGW_ANSI_STDIO  conftest.cpp >&5
configure:6697: $? = 0
configure:6703: result: yes
configure:6742: checking whether x86_64-w64-mingw32-g++ supports --high-entropy-va
configure:6760: x86_64-w64-mingw32-g++ -o conftest.exe -D__USE_MINGW_ANSI_STDIO -g -O2  -static -Wl,--nxcompat,--tsaware -Wl,--dynamicbase,-pie,-emainCRTStartup,--high-entropy-va,--image-base,0x140000000 conftest.cpp  >&5
configure:6760: $? = 0
configure:6768: result: yes
configure:6787: checking whether x86_64-w64-mingw32-g++ adds an application manifest
configure:6801: x86_64-w64-mingw32-g++ -o conftest.exe -D__USE_MINGW_ANSI_STDIO -g -O2  -static -Wl,--nxcompat,--tsaware -Wl,--dynamicbase,-pie,-emainCRTStartup,--high-entropy-va,--image-base,0x140000000 conftest.cpp  >&5
configure:6801: $? = 0
configure:6815: result: no
configure:6868: checking for x86_64-w64-mingw32-g++ option to accept C++11
configure:6857: x86_64-w64-mingw32-g++ -c   conftest.cpp >&5
configure:6857: $? = 0
configure:6874: result: none needed
configure:6917: checking for regcomp
configure:6917: x86_64-w64-mingw32-g++ -o conftest.exe -D__USE_MINGW_ANSI_STDIO -g -O2  -static -Wl,--nxcompat,--tsaware -Wl,--dynamicbase,-pie,-emainCRTStartup,--high-entropy-va,--image-base,0x140000000 conftest.cpp  >&5
/usr/bin/x86_64-w64-mingw32-ld: /tmp/ccnUDq2t.o: in function `main':
/home/tab/smartmontools-code/smartmontools/conftest.cpp:67: undefined reference to `regcomp'
/home/tab/smartmontools-code/smartmontools/conftest.cpp:67:(.text.startup+0xa): relocation truncated to fit: R_X86_64_PC32 against undefined symbol `regcomp'
collect2: error: ld returned 1 exit status
configure:6917: $? = 1
configure: failed program was:
| /* confdefs.h */
| #define PACKAGE_NAME "smartmontools"
| #define PACKAGE_TARNAME "smartmontools"
| #define PACKAGE_VERSION "7.2"
| #define PACKAGE_STRING "smartmontools 7.2"
| #define PACKAGE_BUGREPORT "smartmontools-support@listi.jpberlin.de"
| #define PACKAGE_URL ""
| #define PACKAGE "smartmontools"
| #define VERSION "7.2"
| #define SMARTMONTOOLS_CONFIGURE_ARGS " '--build=x86_64-pc-linux-gnu' '-host=x86_64-w64-mingw32' 'build_alias=x86_64-pc-linux-gnu' 'host_alias=x86_64-w64-mingw32'"
| #define SMARTMONTOOLS_RELEASE_DATE "2019-12-30"
| #define SMARTMONTOOLS_RELEASE_TIME "15:00:11 UTC"
| #define CONFIG_H_CVSID "$Id: configure.ac 5035 2020-03-01 16:19:44Z chrfranke $"
| #define PACKAGE_HOMEPAGE "https://www.smartmontools.org/"
| #define STDC_HEADERS 1
| #define HAVE_SYS_TYPES_H 1
| #define HAVE_SYS_STAT_H 1
| #define HAVE_STDLIB_H 1
| #define HAVE_STRING_H 1
| #define HAVE_MEMORY_H 1
| #define HAVE_STRINGS_H 1
| #define HAVE_INTTYPES_H 1
| #define HAVE_STDINT_H 1
| #define HAVE_UNISTD_H 1
| #define HAVE_LOCALE_H 1
| #define HAVE___INT128 1
| #define HAVE_LONG_DOUBLE_WIDER 1
| #define HAVE_GETOPT_LONG 1
| #define HAVE_FTIME 1
| #define HAVE_GETTIMEOFDAY 1
| #define HAVE_ATTR_PACKED 1
| /* end confdefs.h.  */
| /* Define regcomp to an innocuous variant, in case <limits.h> declares regcomp.
|    For example, HP-UX 11i <limits.h> declares gettimeofday.  */
| #define regcomp innocuous_regcomp
| 
| /* System header to define __stub macros and hopefully few prototypes,
|     which can conflict with char regcomp (); below.
|     Prefer <limits.h> to <assert.h> if __STDC__ is defined, since
|     <limits.h> exists even on freestanding compilers.  */
| 
| #ifdef __STDC__
| # include <limits.h>
| #else
| # include <assert.h>
| #endif
| 
| #undef regcomp
| 
| /* Override any GCC internal prototype to avoid an error.
|    Use char because int might match the return type of a GCC
|    builtin and then its argument prototype would still apply.  */
| #ifdef __cplusplus
| extern "C"
| #endif
| char regcomp ();
| /* The GNU C library defines this for functions which it implements
|     to always fail with ENOSYS.  Some functions are actually named
|     something starting with __ and the normal name is an alias.  */
| #if defined __stub_regcomp || defined __stub___regcomp
| choke me
| #endif
| 
| int
| main ()
| {
| return regcomp ();
|   ;
|   return 0;
| }
configure:6917: result: no
configure:7105: checking whether os_win32.cpp uses new interface
configure:7116: result: yes
configure:7122: checking whether NVMe device scanning could be safely enabled
configure:7125: result: yes
configure:7220: checking whether x86_64-w64-mingw32-g++ supports -Wformat=2
configure:7235: x86_64-w64-mingw32-g++ -o conftest.exe -D__USE_MINGW_ANSI_STDIO -g -O2 -Wall -W -Wformat=2  -static -Wl,--nxcompat,--tsaware -Wl,--dynamicbase,-pie,-emainCRTStartup,--high-entropy-va,--image-base,0x140000000 conftest.cpp  >&5
configure:7235: $? = 0
configure:7242: result: yes
configure:7220: checking whether x86_64-w64-mingw32-g++ supports -fstack-protector-strong
configure:7235: x86_64-w64-mingw32-g++ -o conftest.exe -D__USE_MINGW_ANSI_STDIO -g -O2 -Wall -W -Wformat=2 -fstack-protector-strong  -static -Wl,--nxcompat,--tsaware -Wl,--dynamicbase,-pie,-emainCRTStartup,--high-entropy-va,--image-base,0x140000000 conftest.cpp  >&5
configure:7235: $? = 0
configure:7242: result: yes
configure:7270: checking whether _FORTIFY_SOURCE is predefined
configure:7280: x86_64-w64-mingw32-g++ -c -D__USE_MINGW_ANSI_STDIO -g -O2 -Wall -W -Wformat=2 -fstack-protector-strong  conftest.cpp >&5
conftest.cpp:36:4: error: #error false
   #error false
    ^~~~~
configure:7280: $? = 1
configure: failed program was:
| /* confdefs.h */
| #define PACKAGE_NAME "smartmontools"
| #define PACKAGE_TARNAME "smartmontools"
| #define PACKAGE_VERSION "7.2"
| #define PACKAGE_STRING "smartmontools 7.2"
| #define PACKAGE_BUGREPORT "smartmontools-support@listi.jpberlin.de"
| #define PACKAGE_URL ""
| #define PACKAGE "smartmontools"
| #define VERSION "7.2"
| #define SMARTMONTOOLS_CONFIGURE_ARGS " '--build=x86_64-pc-linux-gnu' '-host=x86_64-w64-mingw32' 'build_alias=x86_64-pc-linux-gnu' 'host_alias=x86_64-w64-mingw32'"
| #define SMARTMONTOOLS_RELEASE_DATE "2019-12-30"
| #define SMARTMONTOOLS_RELEASE_TIME "15:00:11 UTC"
| #define CONFIG_H_CVSID "$Id: configure.ac 5035 2020-03-01 16:19:44Z chrfranke $"
| #define PACKAGE_HOMEPAGE "https://www.smartmontools.org/"
| #define STDC_HEADERS 1
| #define HAVE_SYS_TYPES_H 1
| #define HAVE_SYS_STAT_H 1
| #define HAVE_STDLIB_H 1
| #define HAVE_STRING_H 1
| #define HAVE_MEMORY_H 1
| #define HAVE_STRINGS_H 1
| #define HAVE_INTTYPES_H 1
| #define HAVE_STDINT_H 1
| #define HAVE_UNISTD_H 1
| #define HAVE_LOCALE_H 1
| #define HAVE___INT128 1
| #define HAVE_LONG_DOUBLE_WIDER 1
| #define HAVE_GETOPT_LONG 1
| #define HAVE_FTIME 1
| #define HAVE_GETTIMEOFDAY 1
| #define HAVE_ATTR_PACKED 1
| #define WITH_NVME_DEVICESCAN 1
| /* end confdefs.h.  */
| 
|   #ifndef _FORTIFY_SOURCE
|   #error false
|   #endif
configure:7286: result: no
configure:7293: checking whether x86_64-w64-mingw32-g++ supports _FORTIFY_SOURCE=2
configure:7308: x86_64-w64-mingw32-g++ -o conftest.exe -D__USE_MINGW_ANSI_STDIO -g -O2 -Wall -W -Wformat=2 -fstack-protector-strong -D_FORTIFY_SOURCE=2 -static -Wl,--nxcompat,--tsaware -Wl,--dynamicbase,-pie,-emainCRTStartup,--high-entropy-va,--image-base,0x140000000 conftest.cpp  >&5
conftest.cpp: In function 'int main(int, char**)':
conftest.cpp:38:7: warning: this 'if' clause does not guard... [-Wmisleading-indentation]
       if (argc == 2) strcpy(buf, argv[1]); return buf[0];
       ^~
conftest.cpp:38:44: note: ...this statement, but the latter is misleadingly indented as if it were guarded by the 'if'
       if (argc == 2) strcpy(buf, argv[1]); return buf[0];
                                            ^~~~~~
configure:7308: $? = 0
configure:7316: result: no
configure:7431: checking that generated files are newer than configure
configure:7437: result: done
configure:7537: creating ./config.status

## ---------------------- ##
## Running config.status. ##
## ---------------------- ##

This file was extended by smartmontools config.status 7.2, which was
generated by GNU Autoconf 2.69.  Invocation command line was

  CONFIG_FILES    = 
  CONFIG_HEADERS  = 
  CONFIG_LINKS    = 
  CONFIG_COMMANDS = 
  $ ./config.status 

on table

config.status:960: creating Makefile
config.status:960: creating config.h
config.status:1141: config.h is unchanged
config.status:1189: executing depfiles commands
config.status:1266: cd .       && sed -e '/# am--include-marker/d' Makefile         | make -f - am--depfiles
make: Nothing to be done for 'am--depfiles'.
config.status:1271: $? = 0
configure:8854: checking whether make sets $(MAKE)
configure:8876: result: yes
configure:8998:
-----------------------------------------------------------------------------
smartmontools-7.2 configuration:
host operating system:  x86_64-w64-mingw32
C++ compiler:           x86_64-w64-mingw32-g++
C compiler:             x86_64-w64-mingw32-gcc
preprocessor flags:     
C++ compiler flags:     -D__USE_MINGW_ANSI_STDIO -g -O2 -Wall -W -Wformat=2 -fstack-protector-strong
C compiler flags:       -g -O2
linker flags:           -static -Wl,--nxcompat,--tsaware -Wl,--dynamicbase,-pie,-emainCRTStartup,--high-entropy-va,--image-base,0x140000000
OS specific modules:    os_win32.o dev_areca.o  
application manifest:   os_win32/default.manifest
resource compiler:      x86_64-w64-mingw32-windres
message compiler:       x86_64-w64-mingw32-windmc
NSIS compiler:          
drive database file:    EXEDIR/drivedb.h
NVMe DEVICESCAN:        yes
-----------------------------------------------------------------------------

configure:9011: WARNING:
The default for the inclusion of NVME devices in smartd.conf
'DEVICESCAN' and 'smartctl --scan' has been changed to 'yes' on
this platform.  If '--without-nvme-devicescan' is still needed,
please inform smartmontools-support@listi.jpberlin.de.
Use option '--with-nvme-devicescan' to suppress this warning.


## ---------------- ##
## Cache variables. ##
## ---------------- ##

ac_cv_build=x86_64-pc-linux-gnu
ac_cv_c_bigendian=no
ac_cv_c_compiler_gnu=yes
ac_cv_cxx_compiler_gnu=yes
ac_cv_env_CCASFLAGS_set=
ac_cv_env_CCASFLAGS_value=
ac_cv_env_CCAS_set=
ac_cv_env_CCAS_value=
ac_cv_env_CCC_set=
ac_cv_env_CCC_value=
ac_cv_env_CC_set=
ac_cv_env_CC_value=
ac_cv_env_CFLAGS_set=
ac_cv_env_CFLAGS_value=
ac_cv_env_CPPFLAGS_set=
ac_cv_env_CPPFLAGS_value=
ac_cv_env_CXXCPP_set=
ac_cv_env_CXXCPP_value=
ac_cv_env_CXXFLAGS_set=
ac_cv_env_CXXFLAGS_value=
ac_cv_env_CXX_set=
ac_cv_env_CXX_value=
ac_cv_env_LDFLAGS_set=
ac_cv_env_LDFLAGS_value=
ac_cv_env_LIBS_set=
ac_cv_env_LIBS_value=
ac_cv_env_MAKENSIS_set=
ac_cv_env_MAKENSIS_value=
ac_cv_env_NM_set=
ac_cv_env_NM_value=
ac_cv_env_PKG_CONFIG_LIBDIR_set=
ac_cv_env_PKG_CONFIG_LIBDIR_value=
ac_cv_env_PKG_CONFIG_PATH_set=
ac_cv_env_PKG_CONFIG_PATH_value=
ac_cv_env_PKG_CONFIG_set=
ac_cv_env_PKG_CONFIG_value=
ac_cv_env_WINDMC_set=
ac_cv_env_WINDMC_value=
ac_cv_env_WINDRES_set=
ac_cv_env_WINDRES_value=
ac_cv_env_build_alias_set=set
ac_cv_env_build_alias_value=x86_64-pc-linux-gnu
ac_cv_env_host_alias_set=set
ac_cv_env_host_alias_value=x86_64-w64-mingw32
ac_cv_env_target_alias_set=
ac_cv_env_target_alias_value=
ac_cv_exeext=.exe
ac_cv_func_clock_gettime=no
ac_cv_func_ftime=yes
ac_cv_func_getopt_long=yes
ac_cv_func_gettimeofday=yes
ac_cv_func_regcomp=no
ac_cv_header_byteswap_h=no
ac_cv_header_inttypes_h=yes
ac_cv_header_locale_h=yes
ac_cv_header_memory_h=yes
ac_cv_header_stdc=yes
ac_cv_header_stdint_h=yes
ac_cv_header_stdlib_h=yes
ac_cv_header_string_h=yes
ac_cv_header_strings_h=yes
ac_cv_header_sys_stat_h=yes
ac_cv_header_sys_types_h=yes
ac_cv_header_unistd_h=yes
ac_cv_host=x86_64-w64-mingw32
ac_cv_objext=o
ac_cv_path_EGREP='/bin/grep -E'
ac_cv_path_GREP=/bin/grep
ac_cv_path_install='/usr/bin/install -c'
ac_cv_path_mkdir=/bin/mkdir
ac_cv_prog_AWK=gawk
ac_cv_prog_CC=x86_64-w64-mingw32-gcc
ac_cv_prog_CXX=x86_64-w64-mingw32-g++
ac_cv_prog_CXXCPP='x86_64-w64-mingw32-g++ -E'
ac_cv_prog_NM=x86_64-w64-mingw32-nm
ac_cv_prog_STRIP=x86_64-w64-mingw32-strip
ac_cv_prog_WINDMC=x86_64-w64-mingw32-windmc
ac_cv_prog_WINDRES=x86_64-w64-mingw32-windres
ac_cv_prog_cc_c89=
ac_cv_prog_cc_g=yes
ac_cv_prog_cxx_g=yes
ac_cv_prog_make_make_set=yes
ac_cv_type___int128=yes
ac_cv_type_long_double_wider=yes
am_cv_CCAS_dependencies_compiler_type=gcc3
am_cv_CC_dependencies_compiler_type=gcc3
am_cv_CXX_dependencies_compiler_type=gcc3
am_cv_make_support_nested_variables=yes
am_cv_prog_cc_c_o=yes

## ----------------- ##
## Output variables. ##
## ----------------- ##

ACLOCAL='${SHELL} /home/tab/smartmontools-code/smartmontools/missing aclocal-1.16'
AMDEPBACKSLASH='\'
AMDEP_FALSE='#'
AMDEP_TRUE=''
AMTAR='$${TAR-tar}'
AM_BACKSLASH='\'
AM_DEFAULT_V='$(AM_DEFAULT_VERBOSITY)'
AM_DEFAULT_VERBOSITY='1'
AM_V='$(V)'
ASFLAGS=''
AUTOCONF='${SHELL} /home/tab/smartmontools-code/smartmontools/missing autoconf'
AUTOHEADER='${SHELL} /home/tab/smartmontools-code/smartmontools/missing autoheader'
AUTOMAKE='${SHELL} /home/tab/smartmontools-code/smartmontools/missing automake-1.16'
AWK='gawk'
CAPNG_LDADD=''
CC='x86_64-w64-mingw32-gcc'
CCAS='x86_64-w64-mingw32-gcc'
CCASDEPMODE='depmode=gcc3'
CCASFLAGS='-g -O2'
CCDEPMODE='depmode=gcc3'
CFLAGS='-g -O2'
CPPFLAGS=''
CXX='x86_64-w64-mingw32-g++'
CXXCPP='x86_64-w64-mingw32-g++ -E'
CXXDEPMODE='depmode=gcc3'
CXXFLAGS='-D__USE_MINGW_ANSI_STDIO -g -O2 -Wall -W -Wformat=2 -fstack-protector-strong'
CYGPATH_W='echo'
DEFS='-DHAVE_CONFIG_H'
DEPDIR='.deps'
DRIVEDB_BRANCH='RELEASE_7_0_DRIVEDB'
ECHO_C=''
ECHO_N='-n'
ECHO_T=''
EGREP='/bin/grep -E'
ENABLE_ATTRIBUTELOG_FALSE=''
ENABLE_ATTRIBUTELOG_TRUE='#'
ENABLE_DRIVEDB_FALSE='#'
ENABLE_DRIVEDB_TRUE=''
ENABLE_SAVESTATES_FALSE=''
ENABLE_SAVESTATES_TRUE='#'
ENABLE_SCRIPTPATH_FALSE='#'
ENABLE_SCRIPTPATH_TRUE=''
ENABLE_UPDATE_SMART_DRIVEDB_FALSE='#'
ENABLE_UPDATE_SMART_DRIVEDB_TRUE=''
EXEEXT='.exe'
GREP='/bin/grep'
INSTALL_DATA='${INSTALL} -m 644'
INSTALL_INITSCRIPT_FALSE=''
INSTALL_INITSCRIPT_TRUE='#'
INSTALL_PROGRAM='${INSTALL}'
INSTALL_SCRIPT='${INSTALL}'
INSTALL_STRIP_PROGRAM='$(install_sh) -c -s'
INSTALL_SYSTEMDUNIT_FALSE=''
INSTALL_SYSTEMDUNIT_TRUE='#'
IS_SVN_BUILD_FALSE=''
IS_SVN_BUILD_TRUE='#'
LDFLAGS='-static -Wl,--nxcompat,--tsaware -Wl,--dynamicbase,-pie,-emainCRTStartup,--high-entropy-va,--image-base,0x140000000'
LIBOBJS=''
LIBS=''
LTLIBOBJS=''
MAINT='#'
MAINTAINER_MODE_FALSE=''
MAINTAINER_MODE_TRUE='#'
MAKEINFO='${SHELL} /home/tab/smartmontools-code/smartmontools/missing makeinfo'
MAKENSIS=''
MKDIR_P='/bin/mkdir -p'
NEED_GETOPT_LONG_FALSE=''
NEED_GETOPT_LONG_TRUE='#'
NEED_REGEX_FALSE='#'
NEED_REGEX_TRUE=''
NM='x86_64-w64-mingw32-nm'
OBJEXT='o'
OS_DARWIN_FALSE=''
OS_DARWIN_TRUE='#'
OS_SOLARIS_FALSE=''
OS_SOLARIS_TRUE='#'
OS_WIN32_FALSE='#'
OS_WIN32_MINGW_FALSE='#'
OS_WIN32_MINGW_TRUE=''
OS_WIN32_NSIS_FALSE=''
OS_WIN32_NSIS_TRUE='#'
OS_WIN32_TRUE=''
OS_WIN64_FALSE='#'
OS_WIN64_TRUE=''
PACKAGE='smartmontools'
PACKAGE_BUGREPORT='smartmontools-support@listi.jpberlin.de'
PACKAGE_NAME='smartmontools'
PACKAGE_STRING='smartmontools 7.2'
PACKAGE_TARNAME='smartmontools'
PACKAGE_URL=''
PACKAGE_VERSION='7.2'
PATH_SEPARATOR=':'
PKG_CONFIG=''
PKG_CONFIG_LIBDIR=''
PKG_CONFIG_PATH=''
SET_MAKE=''
SHELL='/bin/bash'
STRIP='x86_64-w64-mingw32-strip'
SYSTEMD_LDADD=''
VERSION='7.2'
WINDMC='x86_64-w64-mingw32-windmc'
WINDRES='x86_64-w64-mingw32-windres'
ac_ct_CC=''
ac_ct_CXX=''
am__EXEEXT_FALSE='#'
am__EXEEXT_TRUE=''
am__fastdepCCAS_FALSE='#'
am__fastdepCCAS_TRUE=''
am__fastdepCC_FALSE='#'
am__fastdepCC_TRUE=''
am__fastdepCXX_FALSE='#'
am__fastdepCXX_TRUE=''
am__include='include'
am__isrc=''
am__leading_dot='.'
am__nodep='_no'
am__quote=''
am__tar='$${TAR-tar} chof - "$$tardir"'
am__untar='$${TAR-tar} xf -'
attributelog=''
attributelogdir=''
bindir='${exec_prefix}/bin'
build='x86_64-pc-linux-gnu'
build_alias='x86_64-pc-linux-gnu'
build_cpu='x86_64'
build_os='linux-gnu'
build_vendor='pc'
datadir='${datarootdir}'
datarootdir='${prefix}/share'
docdir='${datarootdir}/doc/${PACKAGE_TARNAME}'
drivedbdir='${datadir}/${PACKAGE}'
dvidir='${docdir}'
exampledir='${docdir}/examplescripts'
exec_prefix='${prefix}'
gcc_have_attr_packed='yes'
gnupg='gpg'
host='x86_64-w64-mingw32'
host_alias='x86_64-w64-mingw32'
host_cpu='x86_64'
host_os='mingw32'
host_vendor='w64'
htmldir='${docdir}'
includedir='${prefix}/include'
infodir='${datarootdir}/info'
initddir=''
initdfile='smartd.initd'
install_sh='${SHELL} /home/tab/smartmontools-code/smartmontools/install-sh'
libdir='${exec_prefix}/lib'
libexecdir='${exec_prefix}/libexec'
localedir='${datarootdir}/locale'
localstatedir='${prefix}/var'
mandir='${datarootdir}/man'
mkdir_p='$(MKDIR_P)'
oldincludedir='/usr/include'
os_deps='os_win32.o dev_areca.o'
os_dltools='curl wget lynx svn'
os_dnsdomainname=''
os_hostname=''\''hostname'\'' '\''uname -n'\'''
os_libs=''
os_mailer='mail'
os_man_filter='Windows'
os_nisdomainname=''\''domainname'\'''
os_win32_manifest='os_win32/default.manifest'
pdfdir='${docdir}'
prefix='/usr/local'
program_transform_name='s,x,x,'
psdir='${docdir}'
releaseversion='${PACKAGE}-${VERSION}'
runstatedir='${localstatedir}/run'
savestates=''
savestatesdir=''
sbindir='${exec_prefix}/sbin'
scriptpath='/usr/local/bin:/usr/bin:/bin'
sharedstatedir='${prefix}/com'
smartd_suffix=''
smartdplugindir='${smartdscriptdir}/smartd_warning.d'
smartdscriptdir='${sysconfdir}'
smartmontools_release_date='2019-12-30'
smartmontools_release_time='15:00:11 UTC'
svn_deps=''
sysconfdir='${prefix}/etc'
systemdenvfile=''
systemdsystemunitdir=''
target_alias=''
with_nvme_devicescan='yes'
with_update_smart_drivedb='yes'

## ----------- ##
## confdefs.h. ##
## ----------- ##

/* confdefs.h */
#define PACKAGE_NAME "smartmontools"
#define PACKAGE_TARNAME "smartmontools"
#define PACKAGE_VERSION "7.2"
#define PACKAGE_STRING "smartmontools 7.2"
#define PACKAGE_BUGREPORT "smartmontools-support@listi.jpberlin.de"
#define PACKAGE_URL ""
#define PACKAGE "smartmontools"
#define VERSION "7.2"
#define SMARTMONTOOLS_CONFIGURE_ARGS " '--build=x86_64-pc-linux-gnu' '-host=x86_64-w64-mingw32' 'build_alias=x86_64-pc-linux-gnu' 'host_alias=x86_64-w64-mingw32'"
#define SMARTMONTOOLS_RELEASE_DATE "2019-12-30"
#define SMARTMONTOOLS_RELEASE_TIME "15:00:11 UTC"
#define CONFIG_H_CVSID "$Id: configure.ac 5035 2020-03-01 16:19:44Z chrfranke $"
#define PACKAGE_HOMEPAGE "https://www.smartmontools.org/"
#define STDC_HEADERS 1
#define HAVE_SYS_TYPES_H 1
#define HAVE_SYS_STAT_H 1
#define HAVE_STDLIB_H 1
#define HAVE_STRING_H 1
#define HAVE_MEMORY_H 1
#define HAVE_STRINGS_H 1
#define HAVE_INTTYPES_H 1
#define HAVE_STDINT_H 1
#define HAVE_UNISTD_H 1
#define HAVE_LOCALE_H 1
#define HAVE___INT128 1
#define HAVE_LONG_DOUBLE_WIDER 1
#define HAVE_GETOPT_LONG 1
#define HAVE_FTIME 1
#define HAVE_GETTIMEOFDAY 1
#define HAVE_ATTR_PACKED 1
#define WITH_NVME_DEVICESCAN 1
#define SMARTMONTOOLS_BUILD_HOST "x86_64-w64-mingw32"

configure: exit 0
